[2022-10-14 06:54:46] testing.ERROR: Declaration of App\Rates\Distance::value() must be compatible with App\Contracts\Distance::value(): int {"exception":"[object] (Symfony\\Component\\ErrorHandler\\Error\\FatalError(code: 0): Declaration of App\\Rates\\Distance::value() must be compatible with App\\Contracts\\Distance::value(): int at /home/grzegorz/projects/tests/trip-calculator/app/Rates/Distance.php:21)
[stacktrace]
#0 /home/grzegorz/projects/tests/trip-calculator/vendor/laravel/lumen-framework/src/Concerns/RegistersExceptionHandlers.php(150): Symfony\\Component\\ErrorHandler\\Error\\FatalError->__construct(message: '...', code: '...', error: '...', traceOffset: '...', traceArgs: '...', trace: '...')
#1 /home/grzegorz/projects/tests/trip-calculator/vendor/laravel/lumen-framework/src/Concerns/RegistersExceptionHandlers.php(137): Laravel\\Lumen\\Application->fatalErrorFromPhpError(error: '...', traceOffset: '...')
#2 /home/grzegorz/projects/tests/trip-calculator/vendor/laravel/lumen-framework/src/Concerns/RegistersExceptionHandlers.php(55): Laravel\\Lumen\\Application->handleShutdown()
#3 /home/grzegorz/projects/tests/trip-calculator/vendor/laravel/lumen-framework/src/Concerns/RegistersExceptionHandlers.php(0): Laravel\\Lumen\\Application->Laravel\\Lumen\\Concerns\\{closure:/home/grzegorz/projects/tests/trip-calculator/vendor/laravel/lumen-framework/src/Concerns/RegistersExceptionHandlers.php:54-56}()
#4 /home/grzegorz/projects/tests/trip-calculator/vendor/composer/ClassLoader.php(571): ()
#5 /home/grzegorz/projects/tests/trip-calculator/vendor/composer/ClassLoader.php(428): Composer\\Autoload\\includeFile(file: '...')
#6 /home/grzegorz/projects/tests/trip-calculator/app/Contracts/ScenarioA.php(21): Composer\\Autoload\\ClassLoader->loadClass(class: '...')
#7 /home/grzegorz/projects/tests/trip-calculator/app/Rates/Calculator.php(23): App\\Contracts\\ScenarioA->getPrice()
#8 /home/grzegorz/projects/tests/trip-calculator/tests/CalculatorTest.php(27): App\\Rates\\Calculator->calculate()
#9 /home/grzegorz/projects/tests/trip-calculator/vendor/phpunit/phpunit/src/Framework/TestCase.php(1548): CalculatorTest->test_scenario_a_rates_return_correct_results(start: '...', end: '...', value: '...')
#10 /home/grzegorz/projects/tests/trip-calculator/vendor/phpunit/phpunit/src/Framework/TestCase.php(1154): CalculatorTest->runTest()
#11 /home/grzegorz/projects/tests/trip-calculator/vendor/phpunit/phpunit/src/Framework/TestResult.php(728): CalculatorTest->runBare()
#12 /home/grzegorz/projects/tests/trip-calculator/vendor/phpunit/phpunit/src/Framework/TestCase.php(904): PHPUnit\\Framework\\TestResult->run(test: '...')
#13 /home/grzegorz/projects/tests/trip-calculator/vendor/phpunit/phpunit/src/Framework/TestSuite.php(673): CalculatorTest->run(result: '...')
#14 /home/grzegorz/projects/tests/trip-calculator/vendor/phpunit/phpunit/src/Framework/TestSuite.php(673): PHPUnit\\Framework\\DataProviderTestSuite->run(result: '...')
#15 /home/grzegorz/projects/tests/trip-calculator/vendor/phpunit/phpunit/src/Framework/TestSuite.php(673): PHPUnit\\Framework\\TestSuite->run(result: '...')
#16 /home/grzegorz/projects/tests/trip-calculator/vendor/phpunit/phpunit/src/Framework/TestSuite.php(673): PHPUnit\\Framework\\TestSuite->run(result: '...')
#17 /home/grzegorz/projects/tests/trip-calculator/vendor/phpunit/phpunit/src/TextUI/TestRunner.php(673): PHPUnit\\Framework\\TestSuite->run(result: '...')
#18 /home/grzegorz/projects/tests/trip-calculator/vendor/phpunit/phpunit/src/TextUI/Command.php(144): PHPUnit\\TextUI\\TestRunner->run(suite: '...', arguments: '...', warnings: '...', exit: '...')
#19 /home/grzegorz/projects/tests/trip-calculator/vendor/phpunit/phpunit/src/TextUI/Command.php(97): PHPUnit\\TextUI\\Command->run(argv: '...', exit: '...')
#20 /home/grzegorz/projects/tests/trip-calculator/vendor/phpunit/phpunit/phpunit(98): PHPUnit\\TextUI\\Command::main(exit: '...')
#21 /home/grzegorz/projects/tests/trip-calculator/vendor/bin/phpunit(123): ()
#22 /home/grzegorz/projects/tests/trip-calculator/vendor/bin/phpunit(0): {main}()
#23 {main}
"} 
[2022-10-14 06:54:46] testing.ERROR: Declaration of App\Rates\Distance::value() must be compatible with App\Contracts\Distance::value(): int {"exception":"[object] (Symfony\\Component\\ErrorHandler\\Error\\FatalError(code: 0): Declaration of App\\Rates\\Distance::value() must be compatible with App\\Contracts\\Distance::value(): int at /home/grzegorz/projects/tests/trip-calculator/app/Rates/Distance.php:21)
[stacktrace]
#0 /home/grzegorz/projects/tests/trip-calculator/vendor/laravel/lumen-framework/src/Concerns/RegistersExceptionHandlers.php(150): Symfony\\Component\\ErrorHandler\\Error\\FatalError->__construct(message: '...', code: '...', error: '...', traceOffset: '...', traceArgs: '...', trace: '...')
#1 /home/grzegorz/projects/tests/trip-calculator/vendor/laravel/lumen-framework/src/Concerns/RegistersExceptionHandlers.php(137): Laravel\\Lumen\\Application->fatalErrorFromPhpError(error: '...', traceOffset: '...')
#2 /home/grzegorz/projects/tests/trip-calculator/vendor/laravel/lumen-framework/src/Concerns/RegistersExceptionHandlers.php(55): Laravel\\Lumen\\Application->handleShutdown()
#3 /home/grzegorz/projects/tests/trip-calculator/vendor/laravel/lumen-framework/src/Concerns/RegistersExceptionHandlers.php(0): Laravel\\Lumen\\Application->Laravel\\Lumen\\Concerns\\{closure:/home/grzegorz/projects/tests/trip-calculator/vendor/laravel/lumen-framework/src/Concerns/RegistersExceptionHandlers.php:54-56}()
#4 /home/grzegorz/projects/tests/trip-calculator/vendor/composer/ClassLoader.php(571): ()
#5 /home/grzegorz/projects/tests/trip-calculator/vendor/composer/ClassLoader.php(428): Composer\\Autoload\\includeFile(file: '...')
#6 /home/grzegorz/projects/tests/trip-calculator/app/Contracts/ScenarioA.php(21): Composer\\Autoload\\ClassLoader->loadClass(class: '...')
#7 /home/grzegorz/projects/tests/trip-calculator/app/Rates/Calculator.php(23): App\\Contracts\\ScenarioA->getPrice()
#8 /home/grzegorz/projects/tests/trip-calculator/tests/CalculatorTest.php(27): App\\Rates\\Calculator->calculate()
#9 /home/grzegorz/projects/tests/trip-calculator/vendor/phpunit/phpunit/src/Framework/TestCase.php(1548): CalculatorTest->test_scenario_a_rates_return_correct_results(start: '...', end: '...', value: '...')
#10 /home/grzegorz/projects/tests/trip-calculator/vendor/phpunit/phpunit/src/Framework/TestCase.php(1154): CalculatorTest->runTest()
#11 /home/grzegorz/projects/tests/trip-calculator/vendor/phpunit/phpunit/src/Framework/TestResult.php(728): CalculatorTest->runBare()
#12 /home/grzegorz/projects/tests/trip-calculator/vendor/phpunit/phpunit/src/Framework/TestCase.php(904): PHPUnit\\Framework\\TestResult->run(test: '...')
#13 /home/grzegorz/projects/tests/trip-calculator/vendor/phpunit/phpunit/src/Framework/TestSuite.php(673): CalculatorTest->run(result: '...')
#14 /home/grzegorz/projects/tests/trip-calculator/vendor/phpunit/phpunit/src/Framework/TestSuite.php(673): PHPUnit\\Framework\\DataProviderTestSuite->run(result: '...')
#15 /home/grzegorz/projects/tests/trip-calculator/vendor/phpunit/phpunit/src/Framework/TestSuite.php(673): PHPUnit\\Framework\\TestSuite->run(result: '...')
#16 /home/grzegorz/projects/tests/trip-calculator/vendor/phpunit/phpunit/src/Framework/TestSuite.php(673): PHPUnit\\Framework\\TestSuite->run(result: '...')
#17 /home/grzegorz/projects/tests/trip-calculator/vendor/phpunit/phpunit/src/TextUI/TestRunner.php(673): PHPUnit\\Framework\\TestSuite->run(result: '...')
#18 /home/grzegorz/projects/tests/trip-calculator/vendor/phpunit/phpunit/src/TextUI/Command.php(144): PHPUnit\\TextUI\\TestRunner->run(suite: '...', arguments: '...', warnings: '...', exit: '...')
#19 /home/grzegorz/projects/tests/trip-calculator/vendor/phpunit/phpunit/src/TextUI/Command.php(97): PHPUnit\\TextUI\\Command->run(argv: '...', exit: '...')
#20 /home/grzegorz/projects/tests/trip-calculator/vendor/phpunit/phpunit/phpunit(98): PHPUnit\\TextUI\\Command::main(exit: '...')
#21 /home/grzegorz/projects/tests/trip-calculator/vendor/bin/phpunit(123): ()
#22 /home/grzegorz/projects/tests/trip-calculator/vendor/bin/phpunit(0): {main}()
#23 {main}
"} 
